#
# There is insufficient memory for the Java Runtime Environment to continue.
# Native memory allocation (mmap) failed to map 264241152 bytes. Error detail: G1 virtual space
# Possible reasons:
#   The system is out of physical RAM or swap space
#   This process is running with CompressedOops enabled, and the Java Heap may be blocking the growth of the native heap
# Possible solutions:
#   Reduce memory load on the system
#   Increase physical memory or swap space
#   Check if swap backing store is full
#   Decrease Java heap size (-Xmx/-Xms)
#   Decrease number of Java threads
#   Decrease Java thread stack sizes (-Xss)
#   Set larger code cache with -XX:ReservedCodeCacheSize=
#   JVM is running with Zero Based Compressed Oops mode in which the Java heap is
#     placed in the first 32GB address space. The Java Heap base address is the
#     maximum limit for the native heap growth. Please use -XX:HeapBaseMinAddress
#     to set the Java Heap base and to place the Java Heap above 32GB virtual address.
# This output file may be truncated or incomplete.
#
#  Out of Memory Error (os_windows.cpp:3898), pid=67172, tid=70160
#
# JRE version:  (21.0.6+8) (build )
# Java VM: OpenJDK 64-Bit Server VM (21.0.6+8-b631.39, mixed mode, sharing, tiered, compressed oops, compressed class ptrs, g1 gc, windows-amd64)
# No core dump will be written. Minidumps are not enabled by default on client versions of Windows
#

---------------  S U M M A R Y ------------

Command Line: git4idea.http.GitAskPassApp Username for 'https://gitee.com': 

Host: 12th Gen Intel(R) Core(TM) i5-12500H, 16 cores, 15G,  Windows 11 , 64 bit Build 26100 (10.0.26100.7019)
Time: Tue Dec 23 11:43:49 2025  Windows 11 , 64 bit Build 26100 (10.0.26100.7019) elapsed time: 1.047498 seconds (0d 0h 0m 1s)

---------------  T H R E A D  ---------------

Current thread (0x0000018593564f50):  JavaThread "Unknown thread" [_thread_in_vm, id=70160, stack(0x0000002c14000000,0x0000002c14100000) (1024K)]

Stack: [0x0000002c14000000,0x0000002c14100000]
Native frames: (J=compiled Java code, j=interpreted, Vv=VM code, C=native code)
V  [jvm.dll+0x6e5d39]
V  [jvm.dll+0x8c4133]
V  [jvm.dll+0x8c668e]
V  [jvm.dll+0x8c6d73]
V  [jvm.dll+0x288f76]
V  [jvm.dll+0x6e25f5]
V  [jvm.dll+0x6d60aa]
V  [jvm.dll+0x3635bb]
V  [jvm.dll+0x36b186]
V  [jvm.dll+0x3bd4b6]
V  [jvm.dll+0x3bd788]
V  [jvm.dll+0x335d2c]
V  [jvm.dll+0x336a1b]
V  [jvm.dll+0x88b589]
V  [jvm.dll+0x3ca688]
V  [jvm.dll+0x874698]
V  [jvm.dll+0x45f04e]
V  [jvm.dll+0x460d31]
C  [jli.dll+0x52ab]
C  [ucrtbase.dll+0x37b0]
C  [KERNEL32.DLL+0x2e8d7]
C  [ntdll.dll+0x8c53c]


---------------  P R O C E S S  ---------------

Threads class SMR info:
_java_thread_list=0x00007ffdde81a148, length=0, elements={
}

Java Threads: ( => current thread )
Total: 0

Other Threads:
  0x000001859594ea10 WorkerThread "GC Thread#0"                     [id=58500, stack(0x0000002c14100000,0x0000002c14200000) (1024K)]
  0x0000018595961390 ConcurrentGCThread "G1 Main Marker"            [id=70116, stack(0x0000002c14200000,0x0000002c14300000) (1024K)]
  0x0000018595962630 WorkerThread "G1 Conc#0"                       [id=74600, stack(0x0000002c14300000,0x0000002c14400000) (1024K)]

[error occurred during error reporting (printing all threads), id 0xc0000005, EXCEPTION_ACCESS_VIOLATION (0xc0000005) at pc=0x00007ffdddf08de7]
VM state: not at safepoint (not fully initialized)

VM Mutex/Monitor currently owned by a thread:  ([mutex/lock_event])
[0x00007ffdde88eb30] Heap_lock - owner thread: 0x0000018593564f50

Heap address: 0x0000000704e00000, size: 4018 MB, Compressed Oops mode: Zero based, Oop shift amount: 3

CDS archive(s) mapped at: [0x0000000000000000-0x0000000000000000-0x0000000000000000), size 0, SharedBaseAddress: 0x0000000800000000, ArchiveRelocationMode: 1.
Narrow klass base: 0x0000000000000000, Narrow klass shift: 0, Narrow klass range: 0x0

GC Precious Log:
 CardTable entry size: 512
 Card Set container configuration: InlinePtr #cards 4 size 8 Array Of Cards #cards 16 size 48 Howl #buckets 8 coarsen threshold 3686 Howl Bitmap #cards 512 size 80 coarsen threshold 460 Card regions per heap region 1 cards per card region 4096

Heap:
 garbage-first heap   total 0K, used 0K [0x0000000704e00000, 0x0000000800000000)
  region size 2048K, 0 young (0K), 0 survivors (0K)
 Metaspace       used 0K, committed 0K, reserved 0K
  class space    used 0K, committed 0K, reserved 0K

Heap Regions: E=young(eden), S=young(survivor), O=old, HS=humongous(starts), HC=humongous(continues), CS=collection set, F=free, TAMS=top-at-mark-start, PB=parsable bottom

Card table byte_map: [0x00000185a98f0000,0x00000185aa0d0000] _byte_map_base: 0x00000185a60c9000

Marking Bits: (CMBitMap*) 0x000001859594f110
 Bits: [0x00000185aa0d0000, 0x00000185adf98000)

GC Heap History (0 events):
No events

Dll operation events (1 events):
Event: 0.020 Loaded shared library E:\huawei\DevEco Studio\jbr\bin\java.dll

Deoptimization events (0 events):
No events

Classes loaded (0 events):
No events

Classes unloaded (0 events):
No events

Classes redefined (0 events):
No events

Internal exceptions (0 events):
No events

ZGC Phase Switch (0 events):
No events

VM Operations (0 events):
No events

Memory protections (0 events):
No events

Nmethod flushes (0 events):
No events

Events (0 events):
No events


Dynamic libraries:
0x00007ff730f00000 - 0x00007ff730f0a000 	E:\huawei\DevEco Studio\jbr\bin\java.exe
0x00007ffe80140000 - 0x00007ffe803a8000 	C:\WINDOWS\SYSTEM32\ntdll.dll
0x00007ffe7ead0000 - 0x00007ffe7eb99000 	C:\WINDOWS\System32\KERNEL32.DLL
0x00007ffe7d3c0000 - 0x00007ffe7d7b8000 	C:\WINDOWS\System32\KERNELBASE.dll
0x00007ffe7dce0000 - 0x00007ffe7de2b000 	C:\WINDOWS\System32\ucrtbase.dll
0x00007ffe3e020000 - 0x00007ffe3e038000 	E:\huawei\DevEco Studio\jbr\bin\jli.dll
0x00007ffe2c9b0000 - 0x00007ffe2c9cb000 	E:\huawei\DevEco Studio\jbr\bin\VCRUNTIME140.dll
0x00007ffe7e800000 - 0x00007ffe7e9c7000 	C:\WINDOWS\System32\USER32.dll
0x00007ffe7d7c0000 - 0x00007ffe7d7e7000 	C:\WINDOWS\System32\win32u.dll
0x00007ffe5c920000 - 0x00007ffe5cbb4000 	C:\WINDOWS\WinSxS\amd64_microsoft.windows.common-controls_6595b64144ccf1df_6.0.26100.7019_none_3e06ffa0e335b8a8\COMCTL32.dll
0x00007ffe7ea50000 - 0x00007ffe7ea7b000 	C:\WINDOWS\System32\GDI32.dll
0x00007ffe7eca0000 - 0x00007ffe7ed49000 	C:\WINDOWS\System32\msvcrt.dll
0x00007ffe7d290000 - 0x00007ffe7d3bc000 	C:\WINDOWS\System32\gdi32full.dll
0x00007ffe7de30000 - 0x00007ffe7ded3000 	C:\WINDOWS\System32\msvcp_win.dll
0x00007ffe7ec60000 - 0x00007ffe7ec91000 	C:\WINDOWS\System32\IMM32.DLL
0x00007ffe6fad0000 - 0x00007ffe6fadc000 	E:\huawei\DevEco Studio\jbr\bin\vcruntime140_1.dll
0x00007ffe36920000 - 0x00007ffe369ad000 	E:\huawei\DevEco Studio\jbr\bin\msvcp140.dll
0x00007ffdddbc0000 - 0x00007ffdde981000 	E:\huawei\DevEco Studio\jbr\bin\server\jvm.dll
0x00007ffe7dee0000 - 0x00007ffe7df94000 	C:\WINDOWS\System32\ADVAPI32.dll
0x00007ffe7e080000 - 0x00007ffe7e126000 	C:\WINDOWS\System32\sechost.dll
0x00007ffe7ede0000 - 0x00007ffe7eef8000 	C:\WINDOWS\System32\RPCRT4.dll
0x00007ffe7e9d0000 - 0x00007ffe7ea44000 	C:\WINDOWS\System32\WS2_32.dll
0x00007ffe7d0f0000 - 0x00007ffe7d14e000 	C:\WINDOWS\SYSTEM32\POWRPROF.dll
0x00007ffe77860000 - 0x00007ffe77895000 	C:\WINDOWS\SYSTEM32\WINMM.dll
0x00007ffe6f300000 - 0x00007ffe6f30b000 	C:\WINDOWS\SYSTEM32\VERSION.dll
0x00007ffe7d020000 - 0x00007ffe7d034000 	C:\WINDOWS\SYSTEM32\UMPDC.dll
0x00007ffe7c050000 - 0x00007ffe7c06b000 	C:\WINDOWS\SYSTEM32\kernel.appcore.dll
0x00007ffe36a40000 - 0x00007ffe36a4a000 	E:\huawei\DevEco Studio\jbr\bin\jimage.dll
0x00007ffe7a8d0000 - 0x00007ffe7ab12000 	C:\WINDOWS\SYSTEM32\DBGHELP.DLL
0x00007ffe7fd70000 - 0x00007ffe800fb000 	C:\WINDOWS\System32\combase.dll
0x00007ffe7dfa0000 - 0x00007ffe7e077000 	C:\WINDOWS\System32\OLEAUT32.dll
0x00007ffe67620000 - 0x00007ffe6765c000 	C:\WINDOWS\SYSTEM32\dbgcore.DLL
0x00007ffe7db70000 - 0x00007ffe7dc15000 	C:\WINDOWS\System32\bcryptPrimitives.dll
0x00007ffdfeb70000 - 0x00007ffdfeb90000 	E:\huawei\DevEco Studio\jbr\bin\java.dll

dbghelp: loaded successfully - version: 4.0.5 - missing functions: none
symbol engine: initialized successfully - sym options: 0x614 - pdb path: .;E:\huawei\DevEco Studio\jbr\bin;C:\WINDOWS\SYSTEM32;C:\WINDOWS\WinSxS\amd64_microsoft.windows.common-controls_6595b64144ccf1df_6.0.26100.7019_none_3e06ffa0e335b8a8;E:\huawei\DevEco Studio\jbr\bin\server

VM Arguments:
java_command: git4idea.http.GitAskPassApp Username for 'https://gitee.com': 
java_class_path (initial): E:/huawei/DevEco Studio/plugins/vcs-git/lib/git4idea-rt.jar;E:/huawei/DevEco Studio/lib/externalProcess-rt.jar
Launcher Type: SUN_STANDARD

[Global flags]
     intx CICompilerCount                          = 12                                        {product} {ergonomic}
     uint ConcGCThreads                            = 3                                         {product} {ergonomic}
     uint G1ConcRefinementThreads                  = 13                                        {product} {ergonomic}
   size_t G1HeapRegionSize                         = 2097152                                   {product} {ergonomic}
    uintx GCDrainStackTargetSize                   = 64                                        {product} {ergonomic}
   size_t InitialHeapSize                          = 264241152                                 {product} {ergonomic}
   size_t MarkStackSize                            = 4194304                                   {product} {ergonomic}
   size_t MaxHeapSize                              = 4213178368                                {product} {ergonomic}
   size_t MinHeapDeltaBytes                        = 2097152                                   {product} {ergonomic}
   size_t MinHeapSize                              = 8388608                                   {product} {ergonomic}
    uintx NonNMethodCodeHeapSize                   = 7602480                                {pd product} {ergonomic}
    uintx NonProfiledCodeHeapSize                  = 122027880                              {pd product} {ergonomic}
    uintx ProfiledCodeHeapSize                     = 122027880                              {pd product} {ergonomic}
    uintx ReservedCodeCacheSize                    = 251658240                              {pd product} {ergonomic}
     bool SegmentedCodeCache                       = true                                      {product} {ergonomic}
   size_t SoftMaxHeapSize                          = 4213178368                             {manageable} {ergonomic}
     bool UseCompressedOops                        = true                           {product lp64_product} {ergonomic}
     bool UseG1GC                                  = true                                      {product} {ergonomic}
     bool UseLargePagesIndividualAllocation        = false                                  {pd product} {ergonomic}

Logging:
Log output configuration:
 #0: stdout all=warning uptime,level,tags foldmultilines=false
 #1: stderr all=off uptime,level,tags foldmultilines=false

Environment Variables:
PATH=C:\Program Files\Git\mingw64\libexec\git-core;C:\Program Files\Git\mingw64\libexec\git-core;C:\Program Files\Git\mingw64\bin;C:\Program Files\Git\usr\bin;C:\Users\lizey\bin;C:\Program Files (x86)\VMware\VMware Workstation\bin;C:\Windows\system32;C:\Windows;C:\Windows\System32\Wbem;C:\Windows\System32\WindowsPowerShell\v1.0;C:\Windows\System32\OpenSSH;C:\Program Files\dotnet;C:\Program Files\NVIDIA Corporation\NVIDIA NvDLISR;C:\Program Files (x86)\NVIDIA Corporation\PhysX\Common;C:\Program Files\Bandizip;C:\WINDOWS\system32;C:\WINDOWS;C:\WINDOWS\System32\Wbem;C:\WINDOWS\System32\WindowsPowerShell\v1.0;C:\WINDOWS\System32\OpenSSH;C:\Program Files\nodejs;C:\Program Files\Git\cmd;C:\Users\lizey\AppData\Local\Microsoft\WindowsApps;C:\Program Files (x86)\Tencent\QQGameTempest\Hall.57979;E:\huawei\DevEco Studio\bin;C:\Users\lizey\AppData\Roaming\npm;E:\huawei\Microsoft VS Code\bin
USERNAME=lizey
DISPLAY=:0.0
LC_ALL=en_US.UTF-8
TERM=cygwin
TMPDIR=C:\Users\lizey\AppData\Local\Temp
OS=Windows_NT
PROCESSOR_IDENTIFIER=Intel64 Family 6 Model 154 Stepping 3, GenuineIntel
TMP=C:\Users\lizey\AppData\Local\Temp
TEMP=C:\Users\lizey\AppData\Local\Temp




Periodic native trim disabled

JNI global refs:
JNI global refs: 0, weak refs: 0

JNI global refs memory usage: 0, weak refs: 0

Process memory usage:
Resident Set Size: 13204K (0% of 16454388K total physical memory with 1940172K free physical memory)

OOME stack traces (most recent first):
Classloader memory used:

---------------  S Y S T E M  ---------------

OS:
 Windows 11 , 64 bit Build 26100 (10.0.26100.7019)
OS uptime: 0 days 2:21 hours
Hyper-V role detected

CPU: total 16 (initial active 16) (8 cores per cpu, 2 threads per core) family 6 model 154 stepping 3 microcode 0x437, cx8, cmov, fxsr, ht, mmx, 3dnowpref, sse, sse2, sse3, ssse3, sse4.1, sse4.2, popcnt, lzcnt, tsc, tscinvbit, avx, avx2, aes, erms, clmul, bmi1, bmi2, adx, sha, fma, vzeroupper, clflush, clflushopt, clwb, hv, serialize, rdtscp, rdpid, fsrm, f16c, cet_ibt, cet_ss
Processor Information for processor 0
  Max Mhz: 2500, Current Mhz: 2500, Mhz Limit: 2500
Processor Information for processor 1
  Max Mhz: 2500, Current Mhz: 2500, Mhz Limit: 2500
Processor Information for processor 2
  Max Mhz: 2500, Current Mhz: 2500, Mhz Limit: 2500
Processor Information for processor 3
  Max Mhz: 2500, Current Mhz: 2500, Mhz Limit: 2500
Processor Information for processor 4
  Max Mhz: 2500, Current Mhz: 2500, Mhz Limit: 2500
Processor Information for processor 5
  Max Mhz: 2500, Current Mhz: 2500, Mhz Limit: 2500
Processor Information for processor 6
  Max Mhz: 2500, Current Mhz: 2500, Mhz Limit: 2500
Processor Information for processor 7
  Max Mhz: 2500, Current Mhz: 2500, Mhz Limit: 2500
Processor Information for processor 8
  Max Mhz: 2500, Current Mhz: 1527, Mhz Limit: 2500
Processor Information for processor 9
  Max Mhz: 2500, Current Mhz: 2500, Mhz Limit: 2500
Processor Information for processor 10
  Max Mhz: 2500, Current Mhz: 2500, Mhz Limit: 2500
Processor Information for processor 11
  Max Mhz: 2500, Current Mhz: 2500, Mhz Limit: 2500
Processor Information for processor 12
  Max Mhz: 2500, Current Mhz: 2500, Mhz Limit: 2500
Processor Information for processor 13
  Max Mhz: 2500, Current Mhz: 2500, Mhz Limit: 2500
Processor Information for processor 14
  Max Mhz: 2500, Current Mhz: 1527, Mhz Limit: 2500
Processor Information for processor 15
  Max Mhz: 2500, Current Mhz: 2500, Mhz Limit: 2500

Memory: 4k page, system-wide physical 16068M (1894M free)
TotalPageFile size 28958M (AvailPageFile size 75M)
current process WorkingSet (physical memory assigned to process): 12M, peak: 12M
current process commit charge ("private bytes"): 71M, peak: 322M

vm_info: OpenJDK 64-Bit Server VM (21.0.6+8-b631.39) for windows-amd64 JRE (21.0.6+8-b631.39), built on 2025-02-04 by "builduser" with MS VC++ 16.10 / 16.11 (VS2019)

END.
